2016-08-11 00:34:10 com.asiainfo.iyoga.control.UI.show(UI.java:35) UI.java INFO show start
2016-08-11 00:34:12 com.asiainfo.iyoga.control.UI.show(UI.java:200) UI.java INFO show end
2016-08-11 00:34:16 com.asiainfo.iyoga.dao.MemberDao.findDuplicate(MemberDao.java:55) MemberDao.java INFO findDuplicate start
2016-08-11 00:34:18 com.asiainfo.iyoga.dao.MemberDao.findDuplicate(MemberDao.java:62) MemberDao.java INFO findDuplicate end
2016-08-11 00:34:18 com.asiainfo.iyoga.control.UI$3.actionPerformed(UI.java:149) UI.java DEBUG 写入数据库失败,会员已存在
2016-08-11 00:36:19 com.asiainfo.iyoga.control.UI.show(UI.java:35) UI.java INFO show start
2016-08-11 00:36:21 com.asiainfo.iyoga.control.UI.show(UI.java:200) UI.java INFO show end
2016-08-11 00:36:58 com.asiainfo.iyoga.control.UI.show(UI.java:35) UI.java INFO show start
2016-08-11 00:36:59 com.asiainfo.iyoga.control.UI.show(UI.java:200) UI.java INFO show end
2016-08-11 00:37:02 com.asiainfo.iyoga.dao.MemberDao.findDuplicate(MemberDao.java:55) MemberDao.java INFO findDuplicate start
2016-08-11 00:37:03 com.asiainfo.iyoga.dao.MemberDao.findDuplicate(MemberDao.java:62) MemberDao.java INFO findDuplicate end
2016-08-11 00:37:03 com.asiainfo.iyoga.control.UI$3.actionPerformed(UI.java:149) UI.java DEBUG 写入数据库失败,会员已存在
2016-08-11 01:49:42 com.asiainfo.iyoga.control.UI.show(UI.java:33) UI.java INFO show start
2016-08-11 01:49:44 com.asiainfo.iyoga.control.UI.show(UI.java:196) UI.java INFO show end
2016-08-11 01:50:11 com.asiainfo.iyoga.dao.MemberDao.findDuplicate(MemberDao.java:54) MemberDao.java INFO findDuplicate start
2016-08-11 01:55:46 com.asiainfo.iyoga.control.UI.show(UI.java:33) UI.java INFO show start
2016-08-11 01:55:48 com.asiainfo.iyoga.control.UI.show(UI.java:196) UI.java INFO show end
2016-08-11 01:56:01 com.asiainfo.iyoga.dao.MemberDao.findDuplicate(MemberDao.java:54) MemberDao.java INFO findDuplicate start
2016-08-11 01:56:01 com.asiainfo.iyoga.dao.MemberDao.findDuplicate(MemberDao.java:66) MemberDao.java INFO findDuplicate end
2016-08-11 01:56:01 com.asiainfo.iyoga.dao.MemberDao.writeToMysql(MemberDao.java:23) MemberDao.java INFO writeToMysql start
2016-08-11 01:56:01 com.asiainfo.iyoga.dao.MemberDao.writeToMysql(MemberDao.java:50) MemberDao.java INFO writeToMysql end
2016-08-11 01:56:24 com.asiainfo.iyoga.dao.MemberDao.findDuplicate(MemberDao.java:54) MemberDao.java INFO findDuplicate start
2016-08-11 01:56:24 com.asiainfo.iyoga.dao.MemberDao.findDuplicate(MemberDao.java:66) MemberDao.java INFO findDuplicate end
2016-08-11 01:56:24 com.asiainfo.iyoga.dao.MemberDao.writeToMysql(MemberDao.java:23) MemberDao.java INFO writeToMysql start
2016-08-11 01:56:24 com.asiainfo.iyoga.dao.MemberDao.writeToMysql(MemberDao.java:50) MemberDao.java INFO writeToMysql end
2016-08-11 01:56:38 com.asiainfo.iyoga.dao.CardDao.findMember(CardDao.java:61) CardDao.java INFO findMember start
2016-08-11 01:56:38 com.asiainfo.iyoga.dao.CardDao.findMember(CardDao.java:69) CardDao.java INFO findMember end
2016-08-11 01:56:38 com.asiainfo.iyoga.dao.CardDao.writeToMysql(CardDao.java:23) CardDao.java INFO writeToMysql start
2016-08-11 01:56:38 com.asiainfo.iyoga.dao.CardDao.writeToMysql(CardDao.java:57) CardDao.java INFO writeToMysql end
2016-08-11 01:56:38 com.asiainfo.iyoga.dao.OpenDao.writeToMysql(OpenDao.java:19) OpenDao.java INFO writeToMysql start
2016-08-11 01:56:38 com.asiainfo.iyoga.dao.OpenDao.writeToMysql(OpenDao.java:48) OpenDao.java INFO writeToMysql end
2016-08-11 01:56:47 com.asiainfo.iyoga.dao.CardDao.findMember(CardDao.java:61) CardDao.java INFO findMember start
2016-08-11 01:56:47 com.asiainfo.iyoga.dao.CardDao.findMember(CardDao.java:69) CardDao.java INFO findMember end
2016-08-11 01:56:47 com.asiainfo.iyoga.dao.CardDao.writeToMysql(CardDao.java:23) CardDao.java INFO writeToMysql start
2016-08-11 01:56:47 com.asiainfo.iyoga.dao.CardDao.writeToMysql(CardDao.java:57) CardDao.java INFO writeToMysql end
2016-08-11 01:56:47 com.asiainfo.iyoga.dao.OpenDao.writeToMysql(OpenDao.java:19) OpenDao.java INFO writeToMysql start
2016-08-11 01:56:47 com.asiainfo.iyoga.dao.OpenDao.writeToMysql(OpenDao.java:48) OpenDao.java INFO writeToMysql end
2016-08-11 02:27:54 com.asiainfo.iyoga.control.GUI.show(GUI.java:34) GUI.java INFO show start
2016-08-11 02:27:56 com.asiainfo.iyoga.control.GUI.show(GUI.java:197) GUI.java INFO show end
